<?xml version="1.0" encoding="UTF-8"?>
<!-- Generated by org.testng.reporters.JUnitReportReporter -->
<testsuite hostname="DESKTOP-4QIOD59" failures="0" tests="1" name="com.testngproject.SoftAssert" time="0.017" errors="0" timestamp="2024-04-11T20:57:16 IST" skipped="0">
  <testcase classname="com.testngproject.SoftAssert" name="soft" time="0.017"/>
  <system-out/>
</testsuite> <!-- com.testngproject.SoftAssert -->
