<?xml version="1.0" encoding="UTF-8"?>
<!-- Generated by org.testng.reporters.JUnitReportReporter -->
<testsuite hostname="DESKTOP-4QIOD59" failures="0" tests="2" name="com.testngproject.Dependsonmethod" time="0.015" errors="0" timestamp="2024-04-11T20:46:32 IST" skipped="0">
  <testcase classname="com.testngproject.Dependsonmethod" name="login" time="0.013"/>
  <system-out/>
  <testcase classname="com.testngproject.Dependsonmethod" name="credential" time="0.002"/>
  <system-out/>
</testsuite> <!-- com.testngproject.Dependsonmethod -->
