<?xml version="1.0" encoding="UTF-8"?>
<!-- Generated by org.testng.reporters.JUnitReportReporter -->
<testsuite hostname="DESKTOP-4QIOD59" failures="0" tests="8" name="com.testngproject.InvocationCount" time="0.041" errors="0" timestamp="2024-04-11T19:30:03 IST" skipped="0">
  <testcase classname="com.testngproject.InvocationCount" name="edge" time="0.004"/>
  <system-out/>
  <testcase classname="com.testngproject.InvocationCount" name="firefox" time="0.004"/>
  <system-out/>
  <testcase classname="com.testngproject.InvocationCount" name="chrome" time="0.015"/>
  <system-out/>
  <testcase classname="com.testngproject.InvocationCount" name="edge" time="0.002"/>
  <system-out/>
  <testcase classname="com.testngproject.InvocationCount" name="edge" time="0.002"/>
  <system-out/>
  <testcase classname="com.testngproject.InvocationCount" name="edge" time="0.005"/>
  <system-out/>
  <testcase classname="com.testngproject.InvocationCount" name="chrome" time="0.003"/>
  <system-out/>
  <testcase classname="com.testngproject.InvocationCount" name="edge" time="0.006"/>
  <system-out/>
</testsuite> <!-- com.testngproject.InvocationCount -->
