<?xml version="1.0" encoding="UTF-8"?>
<!-- Generated by org.testng.reporters.JUnitReportReporter -->
<testsuite hostname="DESKTOP-4QIOD59" failures="0" tests="2" name="com.testngproject.Crossbrowsertesting" time="32.061" errors="0" timestamp="2024-04-11T20:38:56 IST" skipped="0">
  <testcase classname="com.testngproject.Crossbrowsertesting" name="edge" time="17.061"/>
  <system-out/>
  <testcase classname="com.testngproject.Crossbrowsertesting" name="chrome" time="15.000"/>
  <system-out/>
</testsuite> <!-- com.testngproject.Crossbrowsertesting -->
