<?xml version="1.0" encoding="UTF-8"?>
<!-- Generated by org.testng.reporters.JUnitReportReporter -->
<testsuite hostname="DESKTOP-4QIOD59" failures="0" tests="2" name="com.testngproject.Dataprovider" time="0.027" errors="0" timestamp="2024-04-11T21:02:19 IST" skipped="0">
  <testcase classname="com.testngproject.Dataprovider" name="credential" time="0.024"/>
  <system-out/>
  <testcase classname="com.testngproject.Dataprovider" name="credential" time="0.003"/>
  <system-out/>
</testsuite> <!-- com.testngproject.Dataprovider -->
