<?xml version="1.0" encoding="UTF-8"?>
<!-- Generated by org.testng.reporters.JUnitReportReporter -->
<testsuite hostname="DESKTOP-4QIOD59" failures="0" tests="3" name="com.testngproject.Testngproject" time="0.020" errors="0" timestamp="2024-04-07T20:47:59 IST" skipped="0">
  <testcase classname="com.testngproject.Testngproject" name="buyflour" time="0.006"/>
  <system-out/>
  <testcase classname="com.testngproject.Testngproject" name="buyrice" time="0.002"/>
  <system-out/>
  <testcase classname="com.testngproject.Testngproject" name="buybiscuits" time="0.012"/>
  <system-out/>
</testsuite> <!-- com.testngproject.Testngproject -->
