<?xml version="1.0" encoding="UTF-8"?>
<!-- Generated by org.testng.reporters.JUnitReportReporter -->
<testsuite hostname="DESKTOP-4QIOD59" failures="0" tests="4" name="com.testngproject.PriorityTest" time="0.019" errors="0" timestamp="2024-04-11T19:31:36 IST" skipped="0">
  <testcase classname="com.testngproject.PriorityTest" name="chrome" time="0.014"/>
  <system-out/>
  <testcase classname="com.testngproject.PriorityTest" name="edge" time="0.002"/>
  <system-out/>
  <testcase classname="com.testngproject.PriorityTest" name="firefox" time="0.002"/>
  <system-out/>
  <testcase classname="com.testngproject.PriorityTest" name="opera" time="0.001"/>
  <system-out/>
</testsuite> <!-- com.testngproject.PriorityTest -->
