<?xml version="1.0" encoding="UTF-8"?>
<!-- Generated by org.testng.reporters.JUnitReportReporter -->
<testsuite hostname="DESKTOP-4QIOD59" failures="0" tests="3" name="com.testngproject.IgnoreTest" time="0.017" errors="0" timestamp="2024-04-11T19:29:05 IST" skipped="1">
  <testcase classname="com.testngproject.IgnoreTest" name="opera" time="0.001"/>
  <system-out/>
  <testcase classname="com.testngproject.IgnoreTest" name="edge" time="0.016"/>
  <system-out/>
  <testcase classname="com.testngproject.IgnoreTest" name="firefox">
    <skipped/>
  </testcase> <!-- firefox -->
  <system-out/>
</testsuite> <!-- com.testngproject.IgnoreTest -->
